[12608:23532:0812/093513.739:WARNING:chrome_main_delegate.cc(742)] This is Chrome version 122.0.6261.129 (not a warning)
[12608:23532:0812/093513.831:INFO:policy_logger.cc(145)] :components\enterprise\browser\controller\chrome_browser_cloud_management_controller.cc(168) Starting CBCM Controller Initialization
[12608:23532:0812/093513.831:INFO:policy_logger.cc(145)] :components\enterprise\browser\controller\chrome_browser_cloud_management_controller.cc(196) No machine level policy manager exists.
[12608:23532:0812/093518.588:INFO:CONSOLE(2)] "Error", source: https://client.protechts.net/PXdOjV695v/main.min.js (2)
[12608:23532:0812/093518.860:INFO:CONSOLE(0)] "Third-party cookie will be blocked. Learn more in the Issues tab.", source: https://www.linkedin.com/jobs/search/?currentJobId=4279991526&f_AL=true&geoId=100992797&keywords=data%20scientist&origin=JOB_SEARCH_PAGE_JOB_FILTER&refresh=true (0)
[12608:23532:0812/093520.144:INFO:CONSOLE(0)] "Third-party cookie will be blocked. Learn more in the Issues tab.", source: https://www.linkedin.com/jobs/search/?currentJobId=4279991526&f_AL=true&geoId=100992797&keywords=data%20scientist&origin=JOB_SEARCH_PAGE_JOB_FILTER&refresh=true (0)
[12608:23532:0812/093520.203:INFO:CONSOLE(0)] "Third-party cookie will be blocked. Learn more in the Issues tab.", source: https://www.linkedin.com/jobs/search/?currentJobId=4279991526&f_AL=true&geoId=100992797&keywords=data%20scientist&origin=JOB_SEARCH_PAGE_JOB_FILTER&refresh=true (0)
[12608:23532:0812/093520.203:INFO:CONSOLE(0)] "Third-party cookie will be blocked. Learn more in the Issues tab.", source: https://www.linkedin.com/jobs/search/?currentJobId=4279991526&f_AL=true&geoId=100992797&keywords=data%20scientist&origin=JOB_SEARCH_PAGE_JOB_FILTER&refresh=true (0)
[12608:23532:0812/093520.203:INFO:CONSOLE(0)] "Third-party cookie will be blocked. Learn more in the Issues tab.", source: https://www.linkedin.com/jobs/search/?currentJobId=4279991526&f_AL=true&geoId=100992797&keywords=data%20scientist&origin=JOB_SEARCH_PAGE_JOB_FILTER&refresh=true (0)
[12608:23532:0812/093520.203:INFO:CONSOLE(0)] "Third-party cookie will be blocked. Learn more in the Issues tab.", source: https://www.linkedin.com/jobs/search/?currentJobId=4279991526&f_AL=true&geoId=100992797&keywords=data%20scientist&origin=JOB_SEARCH_PAGE_JOB_FILTER&refresh=true (0)
[12608:23532:0812/093520.203:INFO:CONSOLE(0)] "Third-party cookie will be blocked. Learn more in the Issues tab.", source: https://www.linkedin.com/jobs/search/?currentJobId=4279991526&f_AL=true&geoId=100992797&keywords=data%20scientist&origin=JOB_SEARCH_PAGE_JOB_FILTER&refresh=true (0)
[12608:23532:0812/093520.203:INFO:CONSOLE(0)] "Third-party cookie will be blocked. Learn more in the Issues tab.", source: https://www.linkedin.com/jobs/search/?currentJobId=4279991526&f_AL=true&geoId=100992797&keywords=data%20scientist&origin=JOB_SEARCH_PAGE_JOB_FILTER&refresh=true (0)
[12608:23532:0812/093520.212:INFO:CONSOLE(0)] "Third-party cookie will be blocked. Learn more in the Issues tab.", source: https://www.linkedin.com/jobs/search/?currentJobId=4279991526&f_AL=true&geoId=100992797&keywords=data%20scientist&origin=JOB_SEARCH_PAGE_JOB_FILTER&refresh=true (0)
[12608:23532:0812/093520.212:INFO:CONSOLE(0)] "Third-party cookie will be blocked. Learn more in the Issues tab.", source: https://www.linkedin.com/jobs/search/?currentJobId=4279991526&f_AL=true&geoId=100992797&keywords=data%20scientist&origin=JOB_SEARCH_PAGE_JOB_FILTER&refresh=true (0)
[12608:23532:0812/093520.212:INFO:CONSOLE(0)] "Third-party cookie will be blocked. Learn more in the Issues tab.", source: https://www.linkedin.com/jobs/search/?currentJobId=4279991526&f_AL=true&geoId=100992797&keywords=data%20scientist&origin=JOB_SEARCH_PAGE_JOB_FILTER&refresh=true (0)
[12608:23532:0812/093520.354:WARNING:capture_device_ranking.h(255)] Can't initialize the value of media.audio_input.user_preference_ranking because media.default_audio_capture_device isn't registered or is empty
[12608:23532:0812/093520.354:WARNING:capture_device_ranking.h(255)] Can't initialize the value of media.video_input.user_preference_ranking because media.default_video_capture_Device isn't registered or is empty
[12608:23532:0812/093520.487:INFO:CONSOLE(0)] "Third-party cookie will be blocked. Learn more in the Issues tab.", source: https://www.linkedin.com/jobs/search/?currentJobId=4279991526&f_AL=true&geoId=100992797&keywords=data%20scientist&origin=JOB_SEARCH_PAGE_JOB_FILTER&refresh=true (0)
[12608:23532:0812/093520.487:INFO:CONSOLE(0)] "Third-party cookie will be blocked. Learn more in the Issues tab.", source: https://www.linkedin.com/jobs/search/?currentJobId=4279991526&f_AL=true&geoId=100992797&keywords=data%20scientist&origin=JOB_SEARCH_PAGE_JOB_FILTER&refresh=true (0)
[12608:23532:0812/093520.487:INFO:CONSOLE(0)] "Third-party cookie will be blocked. Learn more in the Issues tab.", source: https://www.linkedin.com/jobs/search/?currentJobId=4279991526&f_AL=true&geoId=100992797&keywords=data%20scientist&origin=JOB_SEARCH_PAGE_JOB_FILTER&refresh=true (0)
[12608:23532:0812/093520.487:INFO:CONSOLE(0)] "Third-party cookie will be blocked. Learn more in the Issues tab.", source: https://www.linkedin.com/jobs/search/?currentJobId=4279991526&f_AL=true&geoId=100992797&keywords=data%20scientist&origin=JOB_SEARCH_PAGE_JOB_FILTER&refresh=true (0)
[12608:23532:0812/093520.488:INFO:CONSOLE(0)] "Third-party cookie will be blocked. Learn more in the Issues tab.", source: https://www.linkedin.com/jobs/search/?currentJobId=4279991526&f_AL=true&geoId=100992797&keywords=data%20scientist&origin=JOB_SEARCH_PAGE_JOB_FILTER&refresh=true (0)
[12608:23532:0812/093520.491:INFO:CONSOLE(0)] "Third-party cookie will be blocked. Learn more in the Issues tab.", source: https://www.linkedin.com/jobs/search/?currentJobId=4279991526&f_AL=true&geoId=100992797&keywords=data%20scientist&origin=JOB_SEARCH_PAGE_JOB_FILTER&refresh=true (0)
[12608:23532:0812/093520.491:INFO:CONSOLE(0)] "Third-party cookie will be blocked. Learn more in the Issues tab.", source: https://www.linkedin.com/jobs/search/?currentJobId=4279991526&f_AL=true&geoId=100992797&keywords=data%20scientist&origin=JOB_SEARCH_PAGE_JOB_FILTER&refresh=true (0)
[12608:23532:0812/093520.765:INFO:CONSOLE(0)] "Third-party cookie will be blocked. Learn more in the Issues tab.", source: https://www.linkedin.com/jobs/search/?currentJobId=4279991526&f_AL=true&geoId=100992797&keywords=data%20scientist&origin=JOB_SEARCH_PAGE_JOB_FILTER&refresh=true (0)
[12608:23532:0812/093520.765:INFO:CONSOLE(0)] "Third-party cookie will be blocked. Learn more in the Issues tab.", source: https://www.linkedin.com/jobs/search/?currentJobId=4279991526&f_AL=true&geoId=100992797&keywords=data%20scientist&origin=JOB_SEARCH_PAGE_JOB_FILTER&refresh=true (0)
[12608:23532:0812/093520.812:INFO:CONSOLE(0)] "Third-party cookie will be blocked. Learn more in the Issues tab.", source: https://www.linkedin.com/jobs/search/?currentJobId=4279991526&f_AL=true&geoId=100992797&keywords=data%20scientist&origin=JOB_SEARCH_PAGE_JOB_FILTER&refresh=true (0)
[12608:23532:0812/093520.812:INFO:CONSOLE(0)] "Third-party cookie will be blocked. Learn more in the Issues tab.", source: https://www.linkedin.com/jobs/search/?currentJobId=4279991526&f_AL=true&geoId=100992797&keywords=data%20scientist&origin=JOB_SEARCH_PAGE_JOB_FILTER&refresh=true (0)
[12608:23532:0812/093521.015:INFO:CONSOLE(0)] "Third-party cookie will be blocked. Learn more in the Issues tab.", source: https://www.linkedin.com/jobs/search/?currentJobId=4279991526&f_AL=true&geoId=100992797&keywords=data%20scientist&origin=JOB_SEARCH_PAGE_JOB_FILTER&refresh=true (0)
[12608:23532:0812/093521.015:INFO:CONSOLE(0)] "Third-party cookie will be blocked. Learn more in the Issues tab.", source: https://www.linkedin.com/jobs/search/?currentJobId=4279991526&f_AL=true&geoId=100992797&keywords=data%20scientist&origin=JOB_SEARCH_PAGE_JOB_FILTER&refresh=true (0)
[12608:23532:0812/093521.144:INFO:CONSOLE(0)] "Third-party cookie will be blocked. Learn more in the Issues tab.", source: https://www.linkedin.com/jobs/search/?currentJobId=4279991526&f_AL=true&geoId=100992797&keywords=data%20scientist&origin=JOB_SEARCH_PAGE_JOB_FILTER&refresh=true (0)
[12608:23532:0812/093521.144:INFO:CONSOLE(0)] "Third-party cookie will be blocked. Learn more in the Issues tab.", source: https://www.linkedin.com/jobs/search/?currentJobId=4279991526&f_AL=true&geoId=100992797&keywords=data%20scientist&origin=JOB_SEARCH_PAGE_JOB_FILTER&refresh=true (0)
[12608:23532:0812/093521.155:INFO:CONSOLE(8)] "visitor.publishDestinations() result: Attempted to attach and load the destination publishing iframe through this API call. Result: The destination publishing iframe was attached and loaded successfully.", source: https://platform.linkedin.com/litms/utag/voyager-web-jobs/utag.js?cb=1754980500000 (8)
[12608:23532:0812/093521.255:INFO:CONSOLE(0)] "Third-party cookie will be blocked. Learn more in the Issues tab.", source: https://www.linkedin.com/jobs/search/?currentJobId=4279991526&f_AL=true&geoId=100992797&keywords=data%20scientist&origin=JOB_SEARCH_PAGE_JOB_FILTER&refresh=true (0)
[12608:23532:0812/093521.255:INFO:CONSOLE(0)] "Third-party cookie will be blocked. Learn more in the Issues tab.", source: https://www.linkedin.com/jobs/search/?currentJobId=4279991526&f_AL=true&geoId=100992797&keywords=data%20scientist&origin=JOB_SEARCH_PAGE_JOB_FILTER&refresh=true (0)
[12608:23532:0812/093521.255:INFO:CONSOLE(0)] "Third-party cookie will be blocked. Learn more in the Issues tab.", source: https://www.linkedin.com/jobs/search/?currentJobId=4279991526&f_AL=true&geoId=100992797&keywords=data%20scientist&origin=JOB_SEARCH_PAGE_JOB_FILTER&refresh=true (0)
[12608:23532:0812/093521.494:INFO:CONSOLE(0)] "Third-party cookie will be blocked. Learn more in the Issues tab.", source: https://www.linkedin.com/jobs/search/?currentJobId=4279991526&f_AL=true&geoId=100992797&keywords=data%20scientist&origin=JOB_SEARCH_PAGE_JOB_FILTER&refresh=true (0)
[12608:23532:0812/093521.537:INFO:CONSOLE(0)] "Third-party cookie will be blocked. Learn more in the Issues tab.", source: https://www.linkedin.com/jobs/search/?currentJobId=4279991526&f_AL=true&geoId=100992797&keywords=data%20scientist&origin=JOB_SEARCH_PAGE_JOB_FILTER&refresh=true (0)
[12608:23532:0812/093521.852:INFO:CONSOLE(0)] "Third-party cookie will be blocked. Learn more in the Issues tab.", source: https://www.linkedin.com/jobs/search/?currentJobId=4279991526&f_AL=true&geoId=100992797&keywords=data%20scientist&origin=JOB_SEARCH_PAGE_JOB_FILTER&refresh=true (0)
[12608:23532:0812/093521.852:INFO:CONSOLE(0)] "Third-party cookie will be blocked. Learn more in the Issues tab.", source: https://www.linkedin.com/jobs/search/?currentJobId=4279991526&f_AL=true&geoId=100992797&keywords=data%20scientist&origin=JOB_SEARCH_PAGE_JOB_FILTER&refresh=true (0)
[12608:23532:0812/093521.921:INFO:CONSOLE(0)] "Third-party cookie will be blocked. Learn more in the Issues tab.", source: https://www.linkedin.com/jobs/search/?currentJobId=4279991526&f_AL=true&geoId=100992797&keywords=data%20scientist&origin=JOB_SEARCH_PAGE_JOB_FILTER&refresh=true (0)
[12608:23532:0812/093521.921:INFO:CONSOLE(0)] "Third-party cookie will be blocked. Learn more in the Issues tab.", source: https://www.linkedin.com/jobs/search/?currentJobId=4279991526&f_AL=true&geoId=100992797&keywords=data%20scientist&origin=JOB_SEARCH_PAGE_JOB_FILTER&refresh=true (0)
[12608:23532:0812/093557.289:INFO:CONSOLE(8)] "visitor.publishDestinations() result: The destination publishing iframe is already attached and loaded.", source: https://platform.linkedin.com/litms/utag/voyager-web-jobs/utag.js?cb=1754980500000 (8)
[12608:23532:0812/093557.289:INFO:CONSOLE(0)] "Third-party cookie will be blocked. Learn more in the Issues tab.", source: https://www.linkedin.com/jobs/search/?currentJobId=4283163982&f_AL=true&geoId=100992797&keywords=economist&origin=JOB_SEARCH_PAGE_SEARCH_BUTTON&refresh=true (0)
[12608:23532:0812/093557.289:INFO:CONSOLE(0)] "Third-party cookie will be blocked. Learn more in the Issues tab.", source: https://www.linkedin.com/jobs/search/?currentJobId=4283163982&f_AL=true&geoId=100992797&keywords=economist&origin=JOB_SEARCH_PAGE_SEARCH_BUTTON&refresh=true (0)
[12608:23532:0812/093557.289:INFO:CONSOLE(0)] "Third-party cookie will be blocked. Learn more in the Issues tab.", source: https://www.linkedin.com/jobs/search/?currentJobId=4283163982&f_AL=true&geoId=100992797&keywords=economist&origin=JOB_SEARCH_PAGE_SEARCH_BUTTON&refresh=true (0)
[12608:23532:0812/093557.387:INFO:CONSOLE(0)] "Third-party cookie will be blocked. Learn more in the Issues tab.", source: https://www.linkedin.com/jobs/search/?currentJobId=4283163982&f_AL=true&geoId=100992797&keywords=economist&origin=JOB_SEARCH_PAGE_SEARCH_BUTTON&refresh=true (0)
[12608:23532:0812/093557.387:INFO:CONSOLE(0)] "Third-party cookie will be blocked. Learn more in the Issues tab.", source: https://www.linkedin.com/jobs/search/?currentJobId=4283163982&f_AL=true&geoId=100992797&keywords=economist&origin=JOB_SEARCH_PAGE_SEARCH_BUTTON&refresh=true (0)
[12608:23532:0812/093557.387:INFO:CONSOLE(0)] "Third-party cookie will be blocked. Learn more in the Issues tab.", source: https://www.linkedin.com/jobs/search/?currentJobId=4283163982&f_AL=true&geoId=100992797&keywords=economist&origin=JOB_SEARCH_PAGE_SEARCH_BUTTON&refresh=true (0)
[12608:23532:0812/093557.387:INFO:CONSOLE(0)] "Third-party cookie will be blocked. Learn more in the Issues tab.", source: https://www.linkedin.com/jobs/search/?currentJobId=4283163982&f_AL=true&geoId=100992797&keywords=economist&origin=JOB_SEARCH_PAGE_SEARCH_BUTTON&refresh=true (0)
[12608:23532:0812/093557.398:INFO:CONSOLE(0)] "Third-party cookie will be blocked. Learn more in the Issues tab.", source: https://www.linkedin.com/jobs/search/?currentJobId=4283163982&f_AL=true&geoId=100992797&keywords=economist&origin=JOB_SEARCH_PAGE_SEARCH_BUTTON&refresh=true (0)
[12608:23532:0812/093557.398:INFO:CONSOLE(0)] "Third-party cookie will be blocked. Learn more in the Issues tab.", source: https://www.linkedin.com/jobs/search/?currentJobId=4283163982&f_AL=true&geoId=100992797&keywords=economist&origin=JOB_SEARCH_PAGE_SEARCH_BUTTON&refresh=true (0)
[12608:23532:0812/093557.398:INFO:CONSOLE(0)] "Third-party cookie will be blocked. Learn more in the Issues tab.", source: https://www.linkedin.com/jobs/search/?currentJobId=4283163982&f_AL=true&geoId=100992797&keywords=economist&origin=JOB_SEARCH_PAGE_SEARCH_BUTTON&refresh=true (0)
[12608:23532:0812/093557.646:INFO:CONSOLE(0)] "Third-party cookie will be blocked. Learn more in the Issues tab.", source: https://www.linkedin.com/jobs/search/?currentJobId=4283163982&f_AL=true&geoId=100992797&keywords=economist&origin=JOB_SEARCH_PAGE_SEARCH_BUTTON&refresh=true (0)
[12608:23532:0812/093557.646:INFO:CONSOLE(0)] "Third-party cookie will be blocked. Learn more in the Issues tab.", source: https://www.linkedin.com/jobs/search/?currentJobId=4283163982&f_AL=true&geoId=100992797&keywords=economist&origin=JOB_SEARCH_PAGE_SEARCH_BUTTON&refresh=true (0)
[12608:23532:0812/093557.646:INFO:CONSOLE(0)] "Third-party cookie will be blocked. Learn more in the Issues tab.", source: https://www.linkedin.com/jobs/search/?currentJobId=4283163982&f_AL=true&geoId=100992797&keywords=economist&origin=JOB_SEARCH_PAGE_SEARCH_BUTTON&refresh=true (0)
[12608:23532:0812/093557.687:INFO:CONSOLE(0)] "Third-party cookie will be blocked. Learn more in the Issues tab.", source: https://www.linkedin.com/jobs/search/?currentJobId=4283163982&f_AL=true&geoId=100992797&keywords=economist&origin=JOB_SEARCH_PAGE_SEARCH_BUTTON&refresh=true (0)
[12608:23532:0812/093557.687:INFO:CONSOLE(0)] "Third-party cookie will be blocked. Learn more in the Issues tab.", source: https://www.linkedin.com/jobs/search/?currentJobId=4283163982&f_AL=true&geoId=100992797&keywords=economist&origin=JOB_SEARCH_PAGE_SEARCH_BUTTON&refresh=true (0)
[12608:23532:0812/093557.687:INFO:CONSOLE(0)] "Third-party cookie will be blocked. Learn more in the Issues tab.", source: https://www.linkedin.com/jobs/search/?currentJobId=4283163982&f_AL=true&geoId=100992797&keywords=economist&origin=JOB_SEARCH_PAGE_SEARCH_BUTTON&refresh=true (0)
[12608:23532:0812/093557.731:INFO:CONSOLE(0)] "Third-party cookie will be blocked. Learn more in the Issues tab.", source: https://www.linkedin.com/jobs/search/?currentJobId=4283163982&f_AL=true&geoId=100992797&keywords=economist&origin=JOB_SEARCH_PAGE_SEARCH_BUTTON&refresh=true (0)
[12608:23532:0812/093557.735:INFO:CONSOLE(0)] "Third-party cookie will be blocked. Learn more in the Issues tab.", source: https://www.linkedin.com/jobs/search/?currentJobId=4283163982&f_AL=true&geoId=100992797&keywords=economist&origin=JOB_SEARCH_PAGE_SEARCH_BUTTON&refresh=true (0)
[12608:23532:0812/093557.830:INFO:CONSOLE(0)] "Third-party cookie will be blocked. Learn more in the Issues tab.", source: https://www.linkedin.com/jobs/search/?currentJobId=4283163982&f_AL=true&geoId=100992797&keywords=economist&origin=JOB_SEARCH_PAGE_SEARCH_BUTTON&refresh=true (0)
[12608:23532:0812/093557.830:INFO:CONSOLE(0)] "Third-party cookie will be blocked. Learn more in the Issues tab.", source: https://www.linkedin.com/jobs/search/?currentJobId=4283163982&f_AL=true&geoId=100992797&keywords=economist&origin=JOB_SEARCH_PAGE_SEARCH_BUTTON&refresh=true (0)
[12608:23532:0812/093557.830:INFO:CONSOLE(0)] "Third-party cookie will be blocked. Learn more in the Issues tab.", source: https://www.linkedin.com/jobs/search/?currentJobId=4283163982&f_AL=true&geoId=100992797&keywords=economist&origin=JOB_SEARCH_PAGE_SEARCH_BUTTON&refresh=true (0)
[12608:23532:0812/093557.830:INFO:CONSOLE(0)] "Third-party cookie will be blocked. Learn more in the Issues tab.", source: https://www.linkedin.com/jobs/search/?currentJobId=4283163982&f_AL=true&geoId=100992797&keywords=economist&origin=JOB_SEARCH_PAGE_SEARCH_BUTTON&refresh=true (0)
[12608:23532:0812/093557.952:INFO:CONSOLE(0)] "Third-party cookie will be blocked. Learn more in the Issues tab.", source: https://www.linkedin.com/jobs/search/?currentJobId=4283163982&f_AL=true&geoId=100992797&keywords=economist&origin=JOB_SEARCH_PAGE_SEARCH_BUTTON&refresh=true (0)
[12608:23532:0812/093558.152:INFO:CONSOLE(0)] "Third-party cookie will be blocked. Learn more in the Issues tab.", source: https://www.linkedin.com/jobs/search/?currentJobId=4283163982&f_AL=true&geoId=100992797&keywords=economist&origin=JOB_SEARCH_PAGE_SEARCH_BUTTON&refresh=true (0)
[12608:23532:0812/093558.152:INFO:CONSOLE(0)] "Third-party cookie will be blocked. Learn more in the Issues tab.", source: https://www.linkedin.com/jobs/search/?currentJobId=4283163982&f_AL=true&geoId=100992797&keywords=economist&origin=JOB_SEARCH_PAGE_SEARCH_BUTTON&refresh=true (0)
[12608:23532:0812/093558.326:INFO:CONSOLE(0)] "Third-party cookie will be blocked. Learn more in the Issues tab.", source: https://www.linkedin.com/jobs/search/?currentJobId=4283163982&f_AL=true&geoId=100992797&keywords=economist&origin=JOB_SEARCH_PAGE_SEARCH_BUTTON&refresh=true (0)
[12608:23532:0812/093558.326:INFO:CONSOLE(0)] "Third-party cookie will be blocked. Learn more in the Issues tab.", source: https://www.linkedin.com/jobs/search/?currentJobId=4283163982&f_AL=true&geoId=100992797&keywords=economist&origin=JOB_SEARCH_PAGE_SEARCH_BUTTON&refresh=true (0)
[12608:23532:0812/093603.359:INFO:CONSOLE(0)] "Third-party cookie will be blocked. Learn more in the Issues tab.", source: https://www.linkedin.com/jobs/search/?currentJobId=4283163982&f_AL=true&geoId=100992797&keywords=economist&origin=JOB_SEARCH_PAGE_SEARCH_BUTTON&refresh=true (0)
[12608:23532:0812/093603.360:INFO:CONSOLE(0)] "Third-party cookie will be blocked. Learn more in the Issues tab.", source: https://www.linkedin.com/jobs/search/?currentJobId=4283163982&f_AL=true&geoId=100992797&keywords=economist&origin=JOB_SEARCH_PAGE_SEARCH_BUTTON&refresh=true (0)
[12608:23532:0812/093603.360:INFO:CONSOLE(0)] "Third-party cookie will be blocked. Learn more in the Issues tab.", source: https://www.linkedin.com/jobs/search/?currentJobId=4283163982&f_AL=true&geoId=100992797&keywords=economist&origin=JOB_SEARCH_PAGE_SEARCH_BUTTON&refresh=true (0)
[12608:23532:0812/093603.360:INFO:CONSOLE(8)] "visitor.publishDestinations() result: The destination publishing iframe is already attached and loaded.", source: https://platform.linkedin.com/litms/utag/voyager-web-jobs/utag.js?cb=1754980500000 (8)
[12608:23532:0812/093603.467:INFO:CONSOLE(0)] "Third-party cookie will be blocked. Learn more in the Issues tab.", source: https://www.linkedin.com/jobs/search/?currentJobId=4283163982&f_AL=true&geoId=100992797&keywords=economist&origin=JOB_SEARCH_PAGE_SEARCH_BUTTON&refresh=true (0)
[12608:23532:0812/093603.467:INFO:CONSOLE(0)] "Third-party cookie will be blocked. Learn more in the Issues tab.", source: https://www.linkedin.com/jobs/search/?currentJobId=4283163982&f_AL=true&geoId=100992797&keywords=economist&origin=JOB_SEARCH_PAGE_SEARCH_BUTTON&refresh=true (0)
[12608:23532:0812/093603.467:INFO:CONSOLE(0)] "Third-party cookie will be blocked. Learn more in the Issues tab.", source: https://www.linkedin.com/jobs/search/?currentJobId=4283163982&f_AL=true&geoId=100992797&keywords=economist&origin=JOB_SEARCH_PAGE_SEARCH_BUTTON&refresh=true (0)
[12608:23532:0812/093603.683:INFO:CONSOLE(0)] "Third-party cookie will be blocked. Learn more in the Issues tab.", source: https://www.linkedin.com/jobs/search/?currentJobId=4283163982&f_AL=true&geoId=100992797&keywords=economist&origin=JOB_SEARCH_PAGE_SEARCH_BUTTON&refresh=true (0)
[12608:23532:0812/093603.683:INFO:CONSOLE(0)] "Third-party cookie will be blocked. Learn more in the Issues tab.", source: https://www.linkedin.com/jobs/search/?currentJobId=4283163982&f_AL=true&geoId=100992797&keywords=economist&origin=JOB_SEARCH_PAGE_SEARCH_BUTTON&refresh=true (0)
[12608:23532:0812/093603.683:INFO:CONSOLE(0)] "Third-party cookie will be blocked. Learn more in the Issues tab.", source: https://www.linkedin.com/jobs/search/?currentJobId=4283163982&f_AL=true&geoId=100992797&keywords=economist&origin=JOB_SEARCH_PAGE_SEARCH_BUTTON&refresh=true (0)
[12608:23532:0812/093603.683:INFO:CONSOLE(0)] "Third-party cookie will be blocked. Learn more in the Issues tab.", source: https://www.linkedin.com/jobs/search/?currentJobId=4283163982&f_AL=true&geoId=100992797&keywords=economist&origin=JOB_SEARCH_PAGE_SEARCH_BUTTON&refresh=true (0)
[12608:23532:0812/093603.785:INFO:CONSOLE(0)] "Third-party cookie will be blocked. Learn more in the Issues tab.", source: https://www.linkedin.com/jobs/search/?currentJobId=4283163982&f_AL=true&geoId=100992797&keywords=economist&origin=JOB_SEARCH_PAGE_SEARCH_BUTTON&refresh=true (0)
[12608:23532:0812/093603.820:INFO:CONSOLE(0)] "Third-party cookie will be blocked. Learn more in the Issues tab.", source: https://www.linkedin.com/jobs/search/?currentJobId=4283163982&f_AL=true&geoId=100992797&keywords=economist&origin=JOB_SEARCH_PAGE_SEARCH_BUTTON&refresh=true (0)
[12608:23532:0812/093603.820:INFO:CONSOLE(0)] "Third-party cookie will be blocked. Learn more in the Issues tab.", source: https://www.linkedin.com/jobs/search/?currentJobId=4283163982&f_AL=true&geoId=100992797&keywords=economist&origin=JOB_SEARCH_PAGE_SEARCH_BUTTON&refresh=true (0)
[12608:23532:0812/093614.627:INFO:CONSOLE(8)] "visitor.publishDestinations() result: The destination publishing iframe is already attached and loaded.", source: https://platform.linkedin.com/litms/utag/voyager-web-jobs/utag.js?cb=1754980500000 (8)
[12608:23532:0812/093614.630:INFO:CONSOLE(0)] "Third-party cookie will be blocked. Learn more in the Issues tab.", source: https://www.linkedin.com/jobs/search/?currentJobId=4268304789&f_AL=true&geoId=100992797&keywords=economist&origin=JOB_SEARCH_PAGE_SEARCH_BUTTON&refresh=true (0)
[12608:23532:0812/093614.630:INFO:CONSOLE(0)] "Third-party cookie will be blocked. Learn more in the Issues tab.", source: https://www.linkedin.com/jobs/search/?currentJobId=4268304789&f_AL=true&geoId=100992797&keywords=economist&origin=JOB_SEARCH_PAGE_SEARCH_BUTTON&refresh=true (0)
[12608:23532:0812/093614.630:INFO:CONSOLE(0)] "Third-party cookie will be blocked. Learn more in the Issues tab.", source: https://www.linkedin.com/jobs/search/?currentJobId=4268304789&f_AL=true&geoId=100992797&keywords=economist&origin=JOB_SEARCH_PAGE_SEARCH_BUTTON&refresh=true (0)
[12608:23532:0812/093614.630:INFO:CONSOLE(0)] "Third-party cookie will be blocked. Learn more in the Issues tab.", source: https://www.linkedin.com/jobs/search/?currentJobId=4268304789&f_AL=true&geoId=100992797&keywords=economist&origin=JOB_SEARCH_PAGE_SEARCH_BUTTON&refresh=true (0)
[12608:23532:0812/093614.630:INFO:CONSOLE(0)] "Third-party cookie will be blocked. Learn more in the Issues tab.", source: https://www.linkedin.com/jobs/search/?currentJobId=4268304789&f_AL=true&geoId=100992797&keywords=economist&origin=JOB_SEARCH_PAGE_SEARCH_BUTTON&refresh=true (0)
[12608:23532:0812/093614.640:INFO:CONSOLE(0)] "Third-party cookie will be blocked. Learn more in the Issues tab.", source: https://www.linkedin.com/jobs/search/?currentJobId=4268304789&f_AL=true&geoId=100992797&keywords=economist&origin=JOB_SEARCH_PAGE_SEARCH_BUTTON&refresh=true (0)
[12608:23532:0812/093614.640:INFO:CONSOLE(0)] "Third-party cookie will be blocked. Learn more in the Issues tab.", source: https://www.linkedin.com/jobs/search/?currentJobId=4268304789&f_AL=true&geoId=100992797&keywords=economist&origin=JOB_SEARCH_PAGE_SEARCH_BUTTON&refresh=true (0)
[12608:23532:0812/093614.646:INFO:CONSOLE(0)] "Third-party cookie will be blocked. Learn more in the Issues tab.", source: https://www.linkedin.com/jobs/search/?currentJobId=4268304789&f_AL=true&geoId=100992797&keywords=economist&origin=JOB_SEARCH_PAGE_SEARCH_BUTTON&refresh=true (0)
[12608:23532:0812/093614.646:INFO:CONSOLE(0)] "Third-party cookie will be blocked. Learn more in the Issues tab.", source: https://www.linkedin.com/jobs/search/?currentJobId=4268304789&f_AL=true&geoId=100992797&keywords=economist&origin=JOB_SEARCH_PAGE_SEARCH_BUTTON&refresh=true (0)
[12608:23532:0812/093614.670:INFO:CONSOLE(0)] "Third-party cookie will be blocked. Learn more in the Issues tab.", source: https://www.linkedin.com/jobs/search/?currentJobId=4268304789&f_AL=true&geoId=100992797&keywords=economist&origin=JOB_SEARCH_PAGE_SEARCH_BUTTON&refresh=true (0)
[12608:23532:0812/093614.670:INFO:CONSOLE(0)] "Third-party cookie will be blocked. Learn more in the Issues tab.", source: https://www.linkedin.com/jobs/search/?currentJobId=4268304789&f_AL=true&geoId=100992797&keywords=economist&origin=JOB_SEARCH_PAGE_SEARCH_BUTTON&refresh=true (0)
[12608:23532:0812/093614.670:INFO:CONSOLE(0)] "Third-party cookie will be blocked. Learn more in the Issues tab.", source: https://www.linkedin.com/jobs/search/?currentJobId=4268304789&f_AL=true&geoId=100992797&keywords=economist&origin=JOB_SEARCH_PAGE_SEARCH_BUTTON&refresh=true (0)
[12608:23532:0812/093614.670:INFO:CONSOLE(0)] "Third-party cookie will be blocked. Learn more in the Issues tab.", source: https://www.linkedin.com/jobs/search/?currentJobId=4268304789&f_AL=true&geoId=100992797&keywords=economist&origin=JOB_SEARCH_PAGE_SEARCH_BUTTON&refresh=true (0)
[12608:23532:0812/093614.670:INFO:CONSOLE(0)] "Third-party cookie will be blocked. Learn more in the Issues tab.", source: https://www.linkedin.com/jobs/search/?currentJobId=4268304789&f_AL=true&geoId=100992797&keywords=economist&origin=JOB_SEARCH_PAGE_SEARCH_BUTTON&refresh=true (0)
[12608:23532:0812/093614.670:INFO:CONSOLE(0)] "Third-party cookie will be blocked. Learn more in the Issues tab.", source: https://www.linkedin.com/jobs/search/?currentJobId=4268304789&f_AL=true&geoId=100992797&keywords=economist&origin=JOB_SEARCH_PAGE_SEARCH_BUTTON&refresh=true (0)
[12608:23532:0812/093614.697:INFO:CONSOLE(0)] "Third-party cookie will be blocked. Learn more in the Issues tab.", source: https://www.linkedin.com/jobs/search/?currentJobId=4268304789&f_AL=true&geoId=100992797&keywords=economist&origin=JOB_SEARCH_PAGE_SEARCH_BUTTON&refresh=true (0)
[12608:23532:0812/093614.697:INFO:CONSOLE(0)] "Third-party cookie will be blocked. Learn more in the Issues tab.", source: https://www.linkedin.com/jobs/search/?currentJobId=4268304789&f_AL=true&geoId=100992797&keywords=economist&origin=JOB_SEARCH_PAGE_SEARCH_BUTTON&refresh=true (0)
[12608:23532:0812/093614.709:INFO:CONSOLE(0)] "Third-party cookie will be blocked. Learn more in the Issues tab.", source: https://www.linkedin.com/jobs/search/?currentJobId=4268304789&f_AL=true&geoId=100992797&keywords=economist&origin=JOB_SEARCH_PAGE_SEARCH_BUTTON&refresh=true (0)
[12608:23532:0812/093614.709:INFO:CONSOLE(0)] "Third-party cookie will be blocked. Learn more in the Issues tab.", source: https://www.linkedin.com/jobs/search/?currentJobId=4268304789&f_AL=true&geoId=100992797&keywords=economist&origin=JOB_SEARCH_PAGE_SEARCH_BUTTON&refresh=true (0)
[12608:23532:0812/093614.710:INFO:CONSOLE(0)] "Third-party cookie will be blocked. Learn more in the Issues tab.", source: https://www.linkedin.com/jobs/search/?currentJobId=4268304789&f_AL=true&geoId=100992797&keywords=economist&origin=JOB_SEARCH_PAGE_SEARCH_BUTTON&refresh=true (0)
[12608:23532:0812/093614.710:INFO:CONSOLE(0)] "Third-party cookie will be blocked. Learn more in the Issues tab.", source: https://www.linkedin.com/jobs/search/?currentJobId=4268304789&f_AL=true&geoId=100992797&keywords=economist&origin=JOB_SEARCH_PAGE_SEARCH_BUTTON&refresh=true (0)
[12608:23532:0812/093614.719:INFO:CONSOLE(0)] "Third-party cookie will be blocked. Learn more in the Issues tab.", source: https://www.linkedin.com/jobs/search/?currentJobId=4268304789&f_AL=true&geoId=100992797&keywords=economist&origin=JOB_SEARCH_PAGE_SEARCH_BUTTON&refresh=true (0)
[12608:23532:0812/093614.719:INFO:CONSOLE(0)] "Third-party cookie will be blocked. Learn more in the Issues tab.", source: https://www.linkedin.com/jobs/search/?currentJobId=4268304789&f_AL=true&geoId=100992797&keywords=economist&origin=JOB_SEARCH_PAGE_SEARCH_BUTTON&refresh=true (0)
[12608:23532:0812/093614.721:INFO:CONSOLE(0)] "Third-party cookie will be blocked. Learn more in the Issues tab.", source: https://www.linkedin.com/jobs/search/?currentJobId=4268304789&f_AL=true&geoId=100992797&keywords=economist&origin=JOB_SEARCH_PAGE_SEARCH_BUTTON&refresh=true (0)
[12608:23532:0812/093614.721:INFO:CONSOLE(0)] "Third-party cookie will be blocked. Learn more in the Issues tab.", source: https://www.linkedin.com/jobs/search/?currentJobId=4268304789&f_AL=true&geoId=100992797&keywords=economist&origin=JOB_SEARCH_PAGE_SEARCH_BUTTON&refresh=true (0)
[12608:23532:0812/093614.722:INFO:CONSOLE(0)] "Third-party cookie will be blocked. Learn more in the Issues tab.", source: https://www.linkedin.com/jobs/search/?currentJobId=4268304789&f_AL=true&geoId=100992797&keywords=economist&origin=JOB_SEARCH_PAGE_SEARCH_BUTTON&refresh=true (0)
[12608:23532:0812/093614.727:INFO:CONSOLE(0)] "Third-party cookie will be blocked. Learn more in the Issues tab.", source: https://www.linkedin.com/jobs/search/?currentJobId=4268304789&f_AL=true&geoId=100992797&keywords=economist&origin=JOB_SEARCH_PAGE_SEARCH_BUTTON&refresh=true (0)
[12608:23532:0812/093614.740:INFO:CONSOLE(0)] "Third-party cookie will be blocked. Learn more in the Issues tab.", source: https://www.linkedin.com/jobs/search/?currentJobId=4268304789&f_AL=true&geoId=100992797&keywords=economist&origin=JOB_SEARCH_PAGE_SEARCH_BUTTON&refresh=true (0)
[12608:23532:0812/093614.740:INFO:CONSOLE(0)] "Third-party cookie will be blocked. Learn more in the Issues tab.", source: https://www.linkedin.com/jobs/search/?currentJobId=4268304789&f_AL=true&geoId=100992797&keywords=economist&origin=JOB_SEARCH_PAGE_SEARCH_BUTTON&refresh=true (0)
[12608:23532:0812/093614.740:INFO:CONSOLE(0)] "Third-party cookie will be blocked. Learn more in the Issues tab.", source: https://www.linkedin.com/jobs/search/?currentJobId=4268304789&f_AL=true&geoId=100992797&keywords=economist&origin=JOB_SEARCH_PAGE_SEARCH_BUTTON&refresh=true (0)
[12608:23532:0812/093614.750:INFO:CONSOLE(0)] "Third-party cookie will be blocked. Learn more in the Issues tab.", source: https://www.linkedin.com/jobs/search/?currentJobId=4268304789&f_AL=true&geoId=100992797&keywords=economist&origin=JOB_SEARCH_PAGE_SEARCH_BUTTON&refresh=true (0)
[12608:23532:0812/093614.837:INFO:CONSOLE(0)] "Third-party cookie will be blocked. Learn more in the Issues tab.", source: https://www.linkedin.com/jobs/search/?currentJobId=4268304789&f_AL=true&geoId=100992797&keywords=economist&origin=JOB_SEARCH_PAGE_SEARCH_BUTTON&refresh=true (0)
[12608:23532:0812/093614.837:INFO:CONSOLE(0)] "Third-party cookie will be blocked. Learn more in the Issues tab.", source: https://www.linkedin.com/jobs/search/?currentJobId=4268304789&f_AL=true&geoId=100992797&keywords=economist&origin=JOB_SEARCH_PAGE_SEARCH_BUTTON&refresh=true (0)
[12608:23532:0812/093615.015:INFO:CONSOLE(0)] "Third-party cookie will be blocked. Learn more in the Issues tab.", source: https://www.linkedin.com/jobs/search/?currentJobId=4268304789&f_AL=true&geoId=100992797&keywords=economist&origin=JOB_SEARCH_PAGE_SEARCH_BUTTON&refresh=true (0)
[12608:23532:0812/093615.015:INFO:CONSOLE(0)] "Third-party cookie will be blocked. Learn more in the Issues tab.", source: https://www.linkedin.com/jobs/search/?currentJobId=4268304789&f_AL=true&geoId=100992797&keywords=economist&origin=JOB_SEARCH_PAGE_SEARCH_BUTTON&refresh=true (0)
[12608:23532:0812/093617.651:INFO:CONSOLE(0)] "Third-party cookie will be blocked. Learn more in the Issues tab.", source: https://www.linkedin.com/jobs/search/?currentJobId=4268304789&f_AL=true&geoId=100992797&keywords=economist&origin=JOB_SEARCH_PAGE_SEARCH_BUTTON&refresh=true (0)
[12608:23532:0812/093659.258:INFO:CONSOLE(0)] "Third-party cookie will be blocked. Learn more in the Issues tab.", source: https://www.linkedin.com/jobs/search/?currentJobId=4268304789&f_AL=true&geoId=100992797&keywords=economist&origin=JOB_SEARCH_PAGE_SEARCH_BUTTON&refresh=true (0)
[12608:23532:0812/093659.258:INFO:CONSOLE(0)] "Third-party cookie will be blocked. Learn more in the Issues tab.", source: https://www.linkedin.com/jobs/search/?currentJobId=4268304789&f_AL=true&geoId=100992797&keywords=economist&origin=JOB_SEARCH_PAGE_SEARCH_BUTTON&refresh=true (0)
[12608:23532:0812/093659.258:INFO:CONSOLE(0)] "Third-party cookie will be blocked. Learn more in the Issues tab.", source: https://www.linkedin.com/jobs/search/?currentJobId=4268304789&f_AL=true&geoId=100992797&keywords=economist&origin=JOB_SEARCH_PAGE_SEARCH_BUTTON&refresh=true (0)
[12608:23532:0812/093659.261:INFO:CONSOLE(8)] "visitor.publishDestinations() result: The destination publishing iframe is already attached and loaded.", source: https://platform.linkedin.com/litms/utag/voyager-web-jobs/utag.js?cb=1754980500000 (8)
[12608:23532:0812/093659.264:INFO:CONSOLE(0)] "Third-party cookie will be blocked. Learn more in the Issues tab.", source: https://www.linkedin.com/jobs/search/?currentJobId=4268304789&f_AL=true&geoId=100992797&keywords=economist&origin=JOB_SEARCH_PAGE_SEARCH_BUTTON&refresh=true (0)
[12608:23532:0812/093659.264:INFO:CONSOLE(0)] "Third-party cookie will be blocked. Learn more in the Issues tab.", source: https://www.linkedin.com/jobs/search/?currentJobId=4268304789&f_AL=true&geoId=100992797&keywords=economist&origin=JOB_SEARCH_PAGE_SEARCH_BUTTON&refresh=true (0)
[12608:23532:0812/093659.265:INFO:CONSOLE(0)] "Third-party cookie will be blocked. Learn more in the Issues tab.", source: https://www.linkedin.com/jobs/search/?currentJobId=4268304789&f_AL=true&geoId=100992797&keywords=economist&origin=JOB_SEARCH_PAGE_SEARCH_BUTTON&refresh=true (0)
[12608:23532:0812/093659.265:INFO:CONSOLE(0)] "Third-party cookie will be blocked. Learn more in the Issues tab.", source: https://www.linkedin.com/jobs/search/?currentJobId=4268304789&f_AL=true&geoId=100992797&keywords=economist&origin=JOB_SEARCH_PAGE_SEARCH_BUTTON&refresh=true (0)
[12608:23532:0812/093659.265:INFO:CONSOLE(0)] "Third-party cookie will be blocked. Learn more in the Issues tab.", source: https://www.linkedin.com/jobs/search/?currentJobId=4268304789&f_AL=true&geoId=100992797&keywords=economist&origin=JOB_SEARCH_PAGE_SEARCH_BUTTON&refresh=true (0)
[12608:23532:0812/093659.267:INFO:CONSOLE(0)] "Third-party cookie will be blocked. Learn more in the Issues tab.", source: https://www.linkedin.com/jobs/search/?currentJobId=4268304789&f_AL=true&geoId=100992797&keywords=economist&origin=JOB_SEARCH_PAGE_SEARCH_BUTTON&refresh=true (0)
[12608:23532:0812/093659.373:INFO:CONSOLE(0)] "Third-party cookie will be blocked. Learn more in the Issues tab.", source: https://www.linkedin.com/jobs/search/?currentJobId=4268304789&f_AL=true&geoId=100992797&keywords=economist&origin=JOB_SEARCH_PAGE_SEARCH_BUTTON&refresh=true (0)
[12608:23532:0812/093659.373:INFO:CONSOLE(0)] "Third-party cookie will be blocked. Learn more in the Issues tab.", source: https://www.linkedin.com/jobs/search/?currentJobId=4268304789&f_AL=true&geoId=100992797&keywords=economist&origin=JOB_SEARCH_PAGE_SEARCH_BUTTON&refresh=true (0)
[12608:23532:0812/093659.373:INFO:CONSOLE(0)] "Third-party cookie will be blocked. Learn more in the Issues tab.", source: https://www.linkedin.com/jobs/search/?currentJobId=4268304789&f_AL=true&geoId=100992797&keywords=economist&origin=JOB_SEARCH_PAGE_SEARCH_BUTTON&refresh=true (0)
[12608:23532:0812/093659.374:INFO:CONSOLE(0)] "Third-party cookie will be blocked. Learn more in the Issues tab.", source: https://www.linkedin.com/jobs/search/?currentJobId=4268304789&f_AL=true&geoId=100992797&keywords=economist&origin=JOB_SEARCH_PAGE_SEARCH_BUTTON&refresh=true (0)
[12608:23532:0812/093659.374:INFO:CONSOLE(0)] "Third-party cookie will be blocked. Learn more in the Issues tab.", source: https://www.linkedin.com/jobs/search/?currentJobId=4268304789&f_AL=true&geoId=100992797&keywords=economist&origin=JOB_SEARCH_PAGE_SEARCH_BUTTON&refresh=true (0)
[12608:23532:0812/093659.374:INFO:CONSOLE(0)] "Third-party cookie will be blocked. Learn more in the Issues tab.", source: https://www.linkedin.com/jobs/search/?currentJobId=4268304789&f_AL=true&geoId=100992797&keywords=economist&origin=JOB_SEARCH_PAGE_SEARCH_BUTTON&refresh=true (0)
[12608:23532:0812/093659.533:INFO:CONSOLE(0)] "Third-party cookie will be blocked. Learn more in the Issues tab.", source: https://www.linkedin.com/jobs/search/?currentJobId=4268304789&f_AL=true&geoId=100992797&keywords=economist&origin=JOB_SEARCH_PAGE_SEARCH_BUTTON&refresh=true (0)
[12608:23532:0812/093659.540:INFO:CONSOLE(0)] "Third-party cookie will be blocked. Learn more in the Issues tab.", source: https://www.linkedin.com/jobs/search/?currentJobId=4268304789&f_AL=true&geoId=100992797&keywords=economist&origin=JOB_SEARCH_PAGE_SEARCH_BUTTON&refresh=true (0)
[12608:23532:0812/093659.540:INFO:CONSOLE(0)] "Third-party cookie will be blocked. Learn more in the Issues tab.", source: https://www.linkedin.com/jobs/search/?currentJobId=4268304789&f_AL=true&geoId=100992797&keywords=economist&origin=JOB_SEARCH_PAGE_SEARCH_BUTTON&refresh=true (0)
[12608:23532:0812/093659.765:INFO:CONSOLE(0)] "Third-party cookie will be blocked. Learn more in the Issues tab.", source: https://www.linkedin.com/jobs/search/?currentJobId=4268304789&f_AL=true&geoId=100992797&keywords=economist&origin=JOB_SEARCH_PAGE_SEARCH_BUTTON&refresh=true (0)
[12608:23532:0812/093659.765:INFO:CONSOLE(0)] "Third-party cookie will be blocked. Learn more in the Issues tab.", source: https://www.linkedin.com/jobs/search/?currentJobId=4268304789&f_AL=true&geoId=100992797&keywords=economist&origin=JOB_SEARCH_PAGE_SEARCH_BUTTON&refresh=true (0)
[12608:23532:0812/093659.765:INFO:CONSOLE(0)] "Third-party cookie will be blocked. Learn more in the Issues tab.", source: https://www.linkedin.com/jobs/search/?currentJobId=4268304789&f_AL=true&geoId=100992797&keywords=economist&origin=JOB_SEARCH_PAGE_SEARCH_BUTTON&refresh=true (0)
[12608:23532:0812/093659.767:INFO:CONSOLE(0)] "Third-party cookie will be blocked. Learn more in the Issues tab.", source: https://www.linkedin.com/jobs/search/?currentJobId=4268304789&f_AL=true&geoId=100992797&keywords=economist&origin=JOB_SEARCH_PAGE_SEARCH_BUTTON&refresh=true (0)
[12608:23532:0812/093659.767:INFO:CONSOLE(0)] "Third-party cookie will be blocked. Learn more in the Issues tab.", source: https://www.linkedin.com/jobs/search/?currentJobId=4268304789&f_AL=true&geoId=100992797&keywords=economist&origin=JOB_SEARCH_PAGE_SEARCH_BUTTON&refresh=true (0)
[12608:23532:0812/093659.833:INFO:CONSOLE(0)] "Third-party cookie will be blocked. Learn more in the Issues tab.", source: https://www.linkedin.com/jobs/search/?currentJobId=4268304789&f_AL=true&geoId=100992797&keywords=economist&origin=JOB_SEARCH_PAGE_SEARCH_BUTTON&refresh=true (0)
[12608:23532:0812/093659.833:INFO:CONSOLE(0)] "Third-party cookie will be blocked. Learn more in the Issues tab.", source: https://www.linkedin.com/jobs/search/?currentJobId=4268304789&f_AL=true&geoId=100992797&keywords=economist&origin=JOB_SEARCH_PAGE_SEARCH_BUTTON&refresh=true (0)
[12608:23532:0812/093659.833:INFO:CONSOLE(0)] "Third-party cookie will be blocked. Learn more in the Issues tab.", source: https://www.linkedin.com/jobs/search/?currentJobId=4268304789&f_AL=true&geoId=100992797&keywords=economist&origin=JOB_SEARCH_PAGE_SEARCH_BUTTON&refresh=true (0)
[12608:23532:0812/093659.962:INFO:CONSOLE(0)] "Third-party cookie will be blocked. Learn more in the Issues tab.", source: https://www.linkedin.com/jobs/search/?currentJobId=4268304789&f_AL=true&geoId=100992797&keywords=economist&origin=JOB_SEARCH_PAGE_SEARCH_BUTTON&refresh=true (0)
[12608:23532:0812/093659.962:INFO:CONSOLE(0)] "Third-party cookie will be blocked. Learn more in the Issues tab.", source: https://www.linkedin.com/jobs/search/?currentJobId=4268304789&f_AL=true&geoId=100992797&keywords=economist&origin=JOB_SEARCH_PAGE_SEARCH_BUTTON&refresh=true (0)
[12608:23532:0812/093700.634:INFO:CONSOLE(0)] "Third-party cookie will be blocked. Learn more in the Issues tab.", source: https://www.linkedin.com/jobs/search/?currentJobId=4268304789&f_AL=true&geoId=100992797&keywords=economist&origin=JOB_SEARCH_PAGE_SEARCH_BUTTON&refresh=true (0)
[12608:23532:0812/093700.634:INFO:CONSOLE(0)] "Third-party cookie will be blocked. Learn more in the Issues tab.", source: https://www.linkedin.com/jobs/search/?currentJobId=4268304789&f_AL=true&geoId=100992797&keywords=economist&origin=JOB_SEARCH_PAGE_SEARCH_BUTTON&refresh=true (0)
[12608:23532:0812/093733.027:WARNING:pref_notifier_impl.cc(41)] Pref observer for media_router.cast_allow_all_ips found at shutdown.
